\BOOKMARK [1][-]{section.1}{\376\377\000O\000v\000e\000r\000v\000i\000e\000w}{}% 1
\BOOKMARK [2][-]{subsection.1.1}{\376\377\000D\000e\000s\000i\000g\000n}{section.1}% 2
\BOOKMARK [1][-]{section.2}{\376\377\000F\000e\000a\000t\000u\000r\000e\000s\000\040\000I\000m\000p\000l\000e\000m\000e\000n\000t\000e\000d}{}% 3
\BOOKMARK [2][-]{subsection.2.1}{\376\377\000R\000e\000n\000d\000e\000r\000e\000r\000\040\000M\000a\000i\000n\000l\000o\000o\000p}{section.2}% 4
\BOOKMARK [2][-]{subsection.2.2}{\376\377\000W\000h\000a\000t\000\040\000i\000s\000\040\000d\000o\000n\000e\000\040\000i\000n\000\040\000t\000h\000e\000\040\000r\000e\000n\000d\000e\000r\000e\000r\000.\000r\000e\000n\000d\000e\000r\000\050\000s\000c\000e\000n\000e\000\051\000\040\000c\000a\000l\000l\000?}{section.2}% 5
\BOOKMARK [2][-]{subsection.2.3}{\376\377\000D\000i\000r\000e\000c\000t\000\040\000S\000t\000a\000t\000e\000\040\000A\000c\000c\000e\000s\000s\000\040\000\050\000D\000S\000A\000\051}{section.2}% 6
\BOOKMARK [2][-]{subsection.2.4}{\376\377\000S\000c\000e\000n\000e\000\040\000L\000o\000a\000d\000i\000n\000g}{section.2}% 7
\BOOKMARK [2][-]{subsection.2.5}{\376\377\000I\000n\000s\000t\000a\000n\000c\000i\000n\000g}{section.2}% 8
\BOOKMARK [2][-]{subsection.2.6}{\376\377\000M\000o\000d\000e\000l\000\040\000L\000o\000a\000d\000i\000n\000g}{section.2}% 9
\BOOKMARK [2][-]{subsection.2.7}{\376\377\000I\000n\000d\000i\000r\000e\000c\000t\000\040\000D\000r\000a\000w\000\040\000C\000o\000m\000m\000a\000n\000d\000s}{section.2}% 10
\BOOKMARK [2][-]{subsection.2.8}{\376\377\000F\000r\000u\000s\000t\000u\000m\000\040\000C\000u\000l\000l\000i\000n\000g}{section.2}% 11
\BOOKMARK [3][-]{subsubsection.2.8.1}{\376\377\000C\000P\000U\000\040\000F\000r\000u\000s\000t\000u\000m\000\040\000C\000u\000l\000l\000i\000n\000g}{subsection.2.8}% 12
\BOOKMARK [3][-]{subsubsection.2.8.2}{\376\377\000G\000P\000U\000\040\000F\000r\000u\000s\000t\000u\000m\000\040\000C\000u\000l\000l\000i\000n\000g}{subsection.2.8}% 13
\BOOKMARK [2][-]{subsection.2.9}{\376\377\000M\000u\000l\000t\000i\000p\000l\000e\000\040\000C\000a\000m\000e\000r\000a\000s\000\040\000a\000n\000d\000\040\000R\000e\000n\000d\000e\000r\000\040\000T\000a\000r\000g\000e\000t\000s}{section.2}% 14
\BOOKMARK [2][-]{subsection.2.10}{\376\377\000P\000o\000s\000t\000-\000P\000r\000o\000c\000e\000s\000s\000i\000n\000g}{section.2}% 15
\BOOKMARK [2][-]{subsection.2.11}{\376\377\000P\000a\000r\000t\000i\000c\000l\000e\000\040\000S\000y\000s\000t\000e\000m\000\040\000a\000n\000d\000\040\000C\000l\000o\000t\000h\000\040\000S\000i\000m\000u\000l\000a\000t\000i\000o\000n}{section.2}% 16
\BOOKMARK [1][-]{section.3}{\376\377\000I\000s\000s\000u\000e\000s}{}% 17
\BOOKMARK [2][-]{subsection.3.1}{\376\377\000S\000u\000b\000t\000l\000e\000t\000i\000e\000s\000\040\000i\000n\000\040\000O\000p\000e\000n\000G\000L}{section.3}% 18
\BOOKMARK [2][-]{subsection.3.2}{\376\377\000M\000o\000n\000o\000t\000l\000i\000t\000h\000i\000c\000\040\000r\000e\000n\000d\000e\000r\000i\000n\000g\000\040\000a\000r\000c\000h\000i\000t\000e\000c\000t\000u\000r\000e}{section.3}% 19
\BOOKMARK [2][-]{subsection.3.3}{\376\377\000L\000a\000c\000k\000\040\000o\000f\000\040\000o\000v\000e\000r\000s\000i\000g\000h\000t}{section.3}% 20
\BOOKMARK [2][-]{subsection.3.4}{\376\377\000D\000e\000g\000e\000n\000e\000r\000a\000c\000i\000e\000s\000\040\000i\000n\000\040\000t\000h\000e\000\040\000C\000l\000o\000t\000h\000\040\000s\000i\000m\000u\000l\000a\000t\000i\000o\000n}{section.3}% 21
\BOOKMARK [1][-]{section.4}{\376\377\000F\000u\000t\000u\000r\000e\000\040\000W\000o\000r\000k}{}% 22
\BOOKMARK [1][-]{section.5}{\376\377\000C\000o\000n\000c\000l\000u\000s\000i\000o\000n}{}% 23
\BOOKMARK [1][-]{section*.7}{\376\377\000R\000e\000f\000e\000r\000e\000n\000c\000e\000s}{}% 24
